<?xml version="1.0" encoding="UTF-8"?>
<testsuite name="is.ru.tictactoe.tictactoeTest" tests="5" skipped="0" failures="0" errors="0" timestamp="2014-11-02T01:42:27" hostname="i-447fa101" time="0.012">
  <properties/>
  <testcase name="isWinner" classname="is.ru.tictactoe.tictactoeTest" time="0.002"/>
  <testcase name="IllegalMove" classname="is.ru.tictactoe.tictactoeTest" time="0.001"/>
  <testcase name="WrongNumbers" classname="is.ru.tictactoe.tictactoeTest" time="0.001"/>
  <testcase name="testPlayerConstructors" classname="is.ru.tictactoe.tictactoeTest" time="0.001"/>
  <testcase name="testConstructor" classname="is.ru.tictactoe.tictactoeTest" time="0.003"/>
  <system-out><![CDATA[]]></system-out>
  <system-err><![CDATA[]]></system-err>
</testsuite>
