<?xml version="1.0" encoding="UTF-8"?>
<testsuite name="is.ru.tictactoe.tictactoeTest" tests="1" skipped="0" failures="0" errors="0" timestamp="2014-10-31T15:51:09" hostname="i-447fa101" time="0.001">
  <properties/>
  <testcase name="testDoubled" classname="is.ru.tictactoe.tictactoeTest" time="0.001"/>
  <system-out><![CDATA[]]></system-out>
  <system-err><![CDATA[]]></system-err>
</testsuite>
