<?xml version="1.0" encoding="UTF-8"?>
<testsuite name="LibraryTest" tests="1" skipped="0" failures="0" errors="0" timestamp="2014-10-31T21:38:01" hostname="i-447fa101" time="0.012">
  <properties/>
  <testcase name="testSomeLibraryMethod" classname="LibraryTest" time="0.012"/>
  <system-out><![CDATA[]]></system-out>
  <system-err><![CDATA[]]></system-err>
</testsuite>
