<?xml version="1.0" encoding="UTF-8"?>
<testsuite name="is.ru.tictactoe.tictactoeTest" tests="6" skipped="0" failures="0" errors="0" timestamp="2014-10-31T23:44:01" hostname="i-447fa101" time="0.043">
  <properties/>
  <testcase name="testArrayInput" classname="is.ru.tictactoe.tictactoeTest" time="0.016"/>
  <testcase name="WrongNumbers" classname="is.ru.tictactoe.tictactoeTest" time="0.0"/>
  <testcase name="WrongNumbersagain" classname="is.ru.tictactoe.tictactoeTest" time="0.001"/>
  <testcase name="testMakeMoveO" classname="is.ru.tictactoe.tictactoeTest" time="0.001"/>
  <testcase name="testMakeMoveX" classname="is.ru.tictactoe.tictactoeTest" time="0.0"/>
  <testcase name="testConstructor" classname="is.ru.tictactoe.tictactoeTest" time="0.003"/>
  <system-out><![CDATA[]]></system-out>
  <system-err><![CDATA[]]></system-err>
</testsuite>
