<?xml version="1.0" encoding="UTF-8"?>
<<<<<<< HEAD
<testsuite name="LibraryTest" tests="1" skipped="0" failures="0" errors="0" timestamp="2014-10-31T23:07:10" hostname="i-447fa101" time="0.005">
=======
<testsuite name="LibraryTest" tests="1" skipped="0" failures="0" errors="0" timestamp="2014-10-31T21:38:01" hostname="i-447fa101" time="0.012">
>>>>>>> 799b37e4ffa3be5aea45f543a2abb914113486e9
  <properties/>
  <testcase name="testSomeLibraryMethod" classname="LibraryTest" time="0.012"/>
  <system-out><![CDATA[]]></system-out>
  <system-err><![CDATA[]]></system-err>
</testsuite>
